# JRE version: OpenJDK Runtime Environment Temurin-17.0.8.1+1 (17.0.8.1+1) (build 17.0.8.1+1)
# Java VM: OpenJDK 64-Bit Server VM Temurin-17.0.8.1+1 (17.0.8.1+1, mixed mode, tiered, compressed oops, compressed class ptrs, parallel gc, windows-amd64)
GC Precious Log:
 CPUs: 2 total, 2 available
 Memory: 3947M
 Large Page Support: Disabled
 NUMA Support: Disabled
 Compressed Oops: Enabled (32-bit)
 Alignments: Space 512K, Generation 512K, Heap 2M
 Heap Min Capacity: 100M
 Heap Initial Capacity: 100M
 Heap Max Capacity: 1G
 Pre-touch: Disabled
 Parallel Workers: 2
Heap:
 PSYoungGen      total 30720K, used 30647K [0x00000000eab00000, 0x00000000ecd80000, 0x0000000100000000)
  eden space 27136K, 100% used [0x00000000eab00000,0x00000000ec580000,0x00000000ec580000)
  from space 3584K, 97% used [0x00000000eca00000,0x00000000ecd6df00,0x00000000ecd80000)
  to   space 4096K, 84% used [0x00000000ec580000,0x00000000ec8e4820,0x00000000ec980000)
 ParOldGen       total 394752K, used 387383K [0x00000000c0000000, 0x00000000d8180000, 0x00000000eab00000)
  object space 394752K, 98% used [0x00000000c0000000,0x00000000d7a4dcb8,0x00000000d8180000)
 Metaspace       used 99045K, committed 100864K, reserved 1179648K
  class space    used 10046K, committed 10752K, reserved 1048576K
GC Heap History (20 events):
Event: 4175.253 GC heap after
{Heap after GC invocations=2985 (full 72):
 PSYoungGen      total 31744K, used 1433K [0x00000000eab00000, 0x00000000ece80000, 0x0000000100000000)
  eden space 30208K, 0% used [0x00000000eab00000,0x00000000eab00000,0x00000000ec880000)
  from space 1536K, 93% used [0x00000000ecc00000,0x00000000ecd66410,0x00000000ecd80000)
  to   space 1024K, 0% used [0x00000000ecd80000,0x00000000ecd80000,0x00000000ece80000)
 ParOldGen       total 394752K, used 378217K [0x00000000c0000000, 0x00000000d8180000, 0x00000000eab00000)
  object space 394752K, 95% used [0x00000000c0000000,0x00000000d715a608,0x00000000d8180000)
 Metaspace       used 99031K, committed 100864K, reserved 1179648K
  class space    used 10046K, committed 10752K, reserved 1048576K
}
Event: 4175.710 GC heap before
{Heap before GC invocations=2986 (full 72):
 PSYoungGen      total 31744K, used 31641K [0x00000000eab00000, 0x00000000ece80000, 0x0000000100000000)
  eden space 30208K, 100% used [0x00000000eab00000,0x00000000ec880000,0x00000000ec880000)
  from space 1536K, 93% used [0x00000000ecc00000,0x00000000ecd66410,0x00000000ecd80000)
  to   space 1024K, 0% used [0x00000000ecd80000,0x00000000ecd80000,0x00000000ece80000)
 ParOldGen       total 394752K, used 378217K [0x00000000c0000000, 0x00000000d8180000, 0x00000000eab00000)
  object space 394752K, 95% used [0x00000000c0000000,0x00000000d715a608,0x00000000d8180000)
 Metaspace       used 99031K, committed 100864K, reserved 1179648K
  class space    used 10046K, committed 10752K, reserved 1048576K
}
Event: 4175.749 GC heap after
{Heap after GC invocations=2986 (full 72):
 PSYoungGen      total 30720K, used 1012K [0x00000000eab00000, 0x00000000ed200000, 0x0000000100000000)
  eden space 29696K, 0% used [0x00000000eab00000,0x00000000eab00000,0x00000000ec800000)
  from space 1024K, 98% used [0x00000000ecd80000,0x00000000ece7d200,0x00000000ece80000)
  to   space 5120K, 0% used [0x00000000ec800000,0x00000000ec800000,0x00000000ecd00000)
 ParOldGen       total 394752K, used 381714K [0x00000000c0000000, 0x00000000d8180000, 0x00000000eab00000)
  object space 394752K, 96% used [0x00000000c0000000,0x00000000d74c4980,0x00000000d8180000)
 Metaspace       used 99031K, committed 100864K, reserved 1179648K
  class space    used 10046K, committed 10752K, reserved 1048576K
}
Event: 4180.065 GC heap before
{Heap before GC invocations=2987 (full 72):
 PSYoungGen      total 30720K, used 30708K [0x00000000eab00000, 0x00000000ed200000, 0x0000000100000000)
  eden space 29696K, 100% used [0x00000000eab00000,0x00000000ec800000,0x00000000ec800000)
  from space 1024K, 98% used [0x00000000ecd80000,0x00000000ece7d200,0x00000000ece80000)
  to   space 5120K, 0% used [0x00000000ec800000,0x00000000ec800000,0x00000000ecd00000)
 ParOldGen       total 394752K, used 381714K [0x00000000c0000000, 0x00000000d8180000, 0x00000000eab00000)
  object space 394752K, 96% used [0x00000000c0000000,0x00000000d74c4980,0x00000000d8180000)
 Metaspace       used 99033K, committed 100864K, reserved 1179648K
  class space    used 10046K, committed 10752K, reserved 1048576K
}
Event: 4180.074 GC heap after
{Heap after GC invocations=2987 (full 72):
 PSYoungGen      total 31744K, used 2110K [0x00000000eab00000, 0x00000000ece00000, 0x0000000100000000)
  eden space 29184K, 0% used [0x00000000eab00000,0x00000000eab00000,0x00000000ec780000)
  from space 2560K, 82% used [0x00000000ec800000,0x00000000eca0fb10,0x00000000eca80000)
  to   space 3072K, 0% used [0x00000000ecb00000,0x00000000ecb00000,0x00000000ece00000)
 ParOldGen       total 394752K, used 381730K [0x00000000c0000000, 0x00000000d8180000, 0x00000000eab00000)
  object space 394752K, 96% used [0x00000000c0000000,0x00000000d74c8980,0x00000000d8180000)
 Metaspace       used 99033K, committed 100864K, reserved 1179648K
  class space    used 10046K, committed 10752K, reserved 1048576K
}
Event: 4180.318 GC heap before
{Heap before GC invocations=2988 (full 72):
 PSYoungGen      total 31744K, used 31294K [0x00000000eab00000, 0x00000000ece00000, 0x0000000100000000)
  eden space 29184K, 100% used [0x00000000eab00000,0x00000000ec780000,0x00000000ec780000)
  from space 2560K, 82% used [0x00000000ec800000,0x00000000eca0fb10,0x00000000eca80000)
  to   space 3072K, 0% used [0x00000000ecb00000,0x00000000ecb00000,0x00000000ece00000)
 ParOldGen       total 394752K, used 381730K [0x00000000c0000000, 0x00000000d8180000, 0x00000000eab00000)
  object space 394752K, 96% used [0x00000000c0000000,0x00000000d74c8980,0x00000000d8180000)
 Metaspace       used 99037K, committed 100864K, reserved 1179648K
  class space    used 10046K, committed 10752K, reserved 1048576K
}
Event: 4180.330 GC heap after
{Heap after GC invocations=2988 (full 72):
 PSYoungGen      total 31744K, used 3059K [0x00000000eab00000, 0x00000000ece00000, 0x0000000100000000)
  eden space 28672K, 0% used [0x00000000eab00000,0x00000000eab00000,0x00000000ec700000)
  from space 3072K, 99% used [0x00000000ecb00000,0x00000000ecdfcd10,0x00000000ece00000)
  to   space 3584K, 0% used [0x00000000ec700000,0x00000000ec700000,0x00000000eca80000)
 ParOldGen       total 394752K, used 381730K [0x00000000c0000000, 0x00000000d8180000, 0x00000000eab00000)
  object space 394752K, 96% used [0x00000000c0000000,0x00000000d74c8980,0x00000000d8180000)
 Metaspace       used 99037K, committed 100864K, reserved 1179648K
  class space    used 10046K, committed 10752K, reserved 1048576K
}
Event: 4180.445 GC heap before
{Heap before GC invocations=2989 (full 72):
 PSYoungGen      total 31744K, used 31731K [0x00000000eab00000, 0x00000000ece00000, 0x0000000100000000)
  eden space 28672K, 100% used [0x00000000eab00000,0x00000000ec700000,0x00000000ec700000)
  from space 3072K, 99% used [0x00000000ecb00000,0x00000000ecdfcd10,0x00000000ece00000)
  to   space 3584K, 0% used [0x00000000ec700000,0x00000000ec700000,0x00000000eca80000)
 ParOldGen       total 394752K, used 381730K [0x00000000c0000000, 0x00000000d8180000, 0x00000000eab00000)
  object space 394752K, 96% used [0x00000000c0000000,0x00000000d74c8980,0x00000000d8180000)
 Metaspace       used 99037K, committed 100864K, reserved 1179648K
  class space    used 10046K, committed 10752K, reserved 1048576K
}
Event: 4180.454 GC heap after
{Heap after GC invocations=2989 (full 72):
 PSYoungGen      total 31744K, used 3581K [0x00000000eab00000, 0x00000000ecf80000, 0x0000000100000000)
  eden space 28160K, 0% used [0x00000000eab00000,0x00000000eab00000,0x00000000ec680000)
  from space 3584K, 99% used [0x00000000ec700000,0x00000000eca7f600,0x00000000eca80000)
  to   space 4608K, 0% used [0x00000000ecb00000,0x00000000ecb00000,0x00000000ecf80000)
 ParOldGen       total 394752K, used 382064K [0x00000000c0000000, 0x00000000d8180000, 0x00000000eab00000)
  object space 394752K, 96% used [0x00000000c0000000,0x00000000d751c158,0x00000000d8180000)
 Metaspace       used 99037K, committed 100864K, reserved 1179648K
  class space    used 10046K, committed 10752K, reserved 1048576K
}
Event: 4181.439 GC heap before
{Heap before GC invocations=2990 (full 72):
 PSYoungGen      total 31744K, used 31741K [0x00000000eab00000, 0x00000000ecf80000, 0x0000000100000000)
  eden space 28160K, 100% used [0x00000000eab00000,0x00000000ec680000,0x00000000ec680000)
  from space 3584K, 99% used [0x00000000ec700000,0x00000000eca7f600,0x00000000eca80000)
  to   space 4608K, 0% used [0x00000000ecb00000,0x00000000ecb00000,0x00000000ecf80000)
 ParOldGen       total 394752K, used 382064K [0x00000000c0000000, 0x00000000d8180000, 0x00000000eab00000)
  object space 394752K, 96% used [0x00000000c0000000,0x00000000d751c158,0x00000000d8180000)
 Metaspace       used 99037K, committed 100864K, reserved 1179648K
  class space    used 10046K, committed 10752K, reserved 1048576K
}
Event: 4181.450 GC heap after
{Heap after GC invocations=2990 (full 72):
 PSYoungGen      total 31232K, used 3277K [0x00000000eab00000, 0x00000000ece80000, 0x0000000100000000)
  eden space 27648K, 0% used [0x00000000eab00000,0x00000000eab00000,0x00000000ec600000)
  from space 3584K, 91% used [0x00000000ecb00000,0x00000000ece33610,0x00000000ece80000)
  to   space 3584K, 0% used [0x00000000ec780000,0x00000000ec780000,0x00000000ecb00000)
 ParOldGen       total 394752K, used 383078K [0x00000000c0000000, 0x00000000d8180000, 0x00000000eab00000)
  object space 394752K, 97% used [0x00000000c0000000,0x00000000d7619958,0x00000000d8180000)
 Metaspace       used 99037K, committed 100864K, reserved 1179648K
  class space    used 10046K, committed 10752K, reserved 1048576K
}
Event: 4182.287 GC heap before
{Heap before GC invocations=2991 (full 72):
 PSYoungGen      total 31232K, used 30925K [0x00000000eab00000, 0x00000000ece80000, 0x0000000100000000)
  eden space 27648K, 100% used [0x00000000eab00000,0x00000000ec600000,0x00000000ec600000)
  from space 3584K, 91% used [0x00000000ecb00000,0x00000000ece33610,0x00000000ece80000)
  to   space 3584K, 0% used [0x00000000ec780000,0x00000000ec780000,0x00000000ecb00000)
 ParOldGen       total 394752K, used 383078K [0x00000000c0000000, 0x00000000d8180000, 0x00000000eab00000)
  object space 394752K, 97% used [0x00000000c0000000,0x00000000d7619958,0x00000000d8180000)
 Metaspace       used 99037K, committed 100864K, reserved 1179648K
  class space    used 10046K, committed 10752K, reserved 1048576K
}
Event: 4182.305 GC heap after
{Heap after GC invocations=2991 (full 72):
 PSYoungGen      total 30720K, used 3579K [0x00000000eab00000, 0x00000000ed380000, 0x0000000100000000)
  eden space 27136K, 0% used [0x00000000eab00000,0x00000000eab00000,0x00000000ec580000)
  from space 3584K, 99% used [0x00000000ec780000,0x00000000ecafee90,0x00000000ecb00000)
  to   space 7168K, 0% used [0x00000000ecc80000,0x00000000ecc80000,0x00000000ed380000)
 ParOldGen       total 394752K, used 385769K [0x00000000c0000000, 0x00000000d8180000, 0x00000000eab00000)
  object space 394752K, 97% used [0x00000000c0000000,0x00000000d78ba798,0x00000000d8180000)
 Metaspace       used 99037K, committed 100864K, reserved 1179648K
  class space    used 10046K, committed 10752K, reserved 1048576K
}
Event: 4182.409 GC heap before
{Heap before GC invocations=2992 (full 72):
 PSYoungGen      total 30720K, used 30715K [0x00000000eab00000, 0x00000000ed380000, 0x0000000100000000)
  eden space 27136K, 100% used [0x00000000eab00000,0x00000000ec580000,0x00000000ec580000)
  from space 3584K, 99% used [0x00000000ec780000,0x00000000ecafee90,0x00000000ecb00000)
  to   space 7168K, 0% used [0x00000000ecc80000,0x00000000ecc80000,0x00000000ed380000)
 ParOldGen       total 394752K, used 385769K [0x00000000c0000000, 0x00000000d8180000, 0x00000000eab00000)
  object space 394752K, 97% used [0x00000000c0000000,0x00000000d78ba798,0x00000000d8180000)
 Metaspace       used 99039K, committed 100864K, reserved 1179648K
  class space    used 10046K, committed 10752K, reserved 1048576K
}
Event: 4182.425 GC heap after
{Heap after GC invocations=2992 (full 72):
 PSYoungGen      total 32768K, used 5433K [0x00000000eab00000, 0x00000000ed200000, 0x0000000100000000)
  eden space 27136K, 0% used [0x00000000eab00000,0x00000000eab00000,0x00000000ec580000)
  from space 5632K, 96% used [0x00000000ecc80000,0x00000000ed1ce720,0x00000000ed200000)
  to   space 6144K, 0% used [0x00000000ec600000,0x00000000ec600000,0x00000000ecc00000)
 ParOldGen       total 394752K, used 387383K [0x00000000c0000000, 0x00000000d8180000, 0x00000000eab00000)
  object space 394752K, 98% used [0x00000000c0000000,0x00000000d7a4dcb8,0x00000000d8180000)
 Metaspace       used 99039K, committed 100864K, reserved 1179648K
  class space    used 10046K, committed 10752K, reserved 1048576K
}
Event: 4185.074 GC heap before
{Heap before GC invocations=2993 (full 72):
 PSYoungGen      total 32768K, used 32569K [0x00000000eab00000, 0x00000000ed200000, 0x0000000100000000)
  eden space 27136K, 100% used [0x00000000eab00000,0x00000000ec580000,0x00000000ec580000)
  from space 5632K, 96% used [0x00000000ecc80000,0x00000000ed1ce720,0x00000000ed200000)
  to   space 6144K, 0% used [0x00000000ec600000,0x00000000ec600000,0x00000000ecc00000)
 ParOldGen       total 394752K, used 387383K [0x00000000c0000000, 0x00000000d8180000, 0x00000000eab00000)
  object space 394752K, 98% used [0x00000000c0000000,0x00000000d7a4dcb8,0x00000000d8180000)
 Metaspace       used 99039K, committed 100864K, reserved 1179648K
  class space    used 10046K, committed 10752K, reserved 1048576K
}
Event: 4185.083 GC heap after
{Heap after GC invocations=2993 (full 72):
 PSYoungGen      total 31232K, used 3890K [0x00000000eab00000, 0x00000000ece80000, 0x0000000100000000)
  eden space 27136K, 0% used [0x00000000eab00000,0x00000000eab00000,0x00000000ec580000)
  from space 4096K, 94% used [0x00000000ec600000,0x00000000ec9cc800,0x00000000eca00000)
  to   space 4608K, 0% used [0x00000000eca00000,0x00000000eca00000,0x00000000ece80000)
 ParOldGen       total 394752K, used 387383K [0x00000000c0000000, 0x00000000d8180000, 0x00000000eab00000)
  object space 394752K, 98% used [0x00000000c0000000,0x00000000d7a4dcb8,0x00000000d8180000)
 Metaspace       used 99039K, committed 100864K, reserved 1179648K
  class space    used 10046K, committed 10752K, reserved 1048576K
}
Event: 4186.361 GC heap before
{Heap before GC invocations=2994 (full 72):
 PSYoungGen      total 31232K, used 31026K [0x00000000eab00000, 0x00000000ece80000, 0x0000000100000000)
  eden space 27136K, 100% used [0x00000000eab00000,0x00000000ec580000,0x00000000ec580000)
  from space 4096K, 94% used [0x00000000ec600000,0x00000000ec9cc800,0x00000000eca00000)
  to   space 4608K, 0% used [0x00000000eca00000,0x00000000eca00000,0x00000000ece80000)
 ParOldGen       total 394752K, used 387383K [0x00000000c0000000, 0x00000000d8180000, 0x00000000eab00000)
  object space 394752K, 98% used [0x00000000c0000000,0x00000000d7a4dcb8,0x00000000d8180000)
 Metaspace       used 99040K, committed 100864K, reserved 1179648K
  class space    used 10046K, committed 10752K, reserved 1048576K
}
Event: 4186.369 GC heap after
{Heap after GC invocations=2994 (full 72):
 PSYoungGen      total 30720K, used 3511K [0x00000000eab00000, 0x00000000ecd80000, 0x0000000100000000)
  eden space 27136K, 0% used [0x00000000eab00000,0x00000000eab00000,0x00000000ec580000)
  from space 3584K, 97% used [0x00000000eca00000,0x00000000ecd6df00,0x00000000ecd80000)
  to   space 4096K, 0% used [0x00000000ec580000,0x00000000ec580000,0x00000000ec980000)
 ParOldGen       total 394752K, used 387383K [0x00000000c0000000, 0x00000000d8180000, 0x00000000eab00000)
  object space 394752K, 98% used [0x00000000c0000000,0x00000000d7a4dcb8,0x00000000d8180000)
 Metaspace       used 99040K, committed 100864K, reserved 1179648K
  class space    used 10046K, committed 10752K, reserved 1048576K
}
Event: 4205.412 GC heap before
{Heap before GC invocations=2995 (full 72):
 PSYoungGen      total 30720K, used 30647K [0x00000000eab00000, 0x00000000ecd80000, 0x0000000100000000)
  eden space 27136K, 100% used [0x00000000eab00000,0x00000000ec580000,0x00000000ec580000)
  from space 3584K, 97% used [0x00000000eca00000,0x00000000ecd6df00,0x00000000ecd80000)
  to   space 4096K, 0% used [0x00000000ec580000,0x00000000ec580000,0x00000000ec980000)
 ParOldGen       total 394752K, used 387383K [0x00000000c0000000, 0x00000000d8180000, 0x00000000eab00000)
  object space 394752K, 98% used [0x00000000c0000000,0x00000000d7a4dcb8,0x00000000d8180000)
 Metaspace       used 99045K, committed 100864K, reserved 1179648K
  class space    used 10046K, committed 10752K, reserved 1048576K
}

